{
  "RSpec": {
    "coverage": {
      "/home/ptoir/BinarApps/Calendar/spec/controllers/groups_controller_spec.rb": [
        1,
        null,
        1,
        28,
        28,
        null,
        1,
        3,
        null,
        1,
        3,
        2,
        2,
        null,
        null,
        null,
        1,
        3,
        null,
        1,
        3,
        2,
        2,
        null,
        null,
        null,
        1,
        4,
        4,
        null,
        1,
        2,
        2,
        null,
        null,
        1,
        2,
        null,
        null,
        null,
        1,
        5,
        null,
        1,
        2,
        2,
        null,
        null,
        1,
        2,
        2,
        null,
        null,
        null,
        1,
        4,
        4,
        null,
        1,
        2,
        2,
        null,
        null,
        1,
        2,
        null,
        null,
        null,
        1,
        4,
        3,
        null,
        1,
        4,
        null,
        1,
        1,
        null,
        null,
        1,
        1,
        1,
        null,
        null,
        1,
        4,
        null,
        null,
        null,
        1,
        3,
        null,
        1,
        1,
        null,
        null,
        1,
        4,
        null,
        null,
        null,
        null,
        1,
        6,
        4,
        3,
        null,
        1,
        4,
        null,
        1,
        1,
        null,
        null,
        1,
        1,
        1,
        null,
        null,
        1,
        1,
        1,
        null,
        null,
        null,
        1,
        3,
        null,
        1,
        1,
        null,
        null,
        1,
        1,
        1,
        null,
        null,
        null,
        null,
        1,
        4,
        3,
        null,
        1,
        1,
        null,
        null,
        1,
        1,
        1,
        null,
        null,
        1,
        1,
        4,
        null,
        null,
        null,
        null
      ],
      "/home/ptoir/BinarApps/Calendar/spec/rails_helper.rb": [
        null,
        1,
        1,
        1,
        null,
        1,
        1,
        null,
        null,
        null,
        null,
        null,
        null,
        null,
        null,
        null,
        null,
        null,
        null,
        null,
        null,
        null,
        null,
        null,
        null,
        null,
        1,
        null,
        1,
        null,
        1,
        null,
        null,
        null,
        null,
        1,
        null,
        null,
        null,
        null,
        null,
        null,
        null,
        null,
        null,
        null,
        null,
        null,
        null,
        null,
        1,
        null,
        null,
        1,
        null,
        null,
        1,
        1,
        null,
        null,
        1,
        1,
        1,
        1,
        null,
        null
      ],
      "/home/ptoir/BinarApps/Calendar/config/environment.rb": [
        null,
        1,
        null,
        null,
        1
      ],
      "/home/ptoir/BinarApps/Calendar/config/application.rb": [
        1,
        null,
        1,
        1,
        null,
        null,
        1,
        null,
        1,
        1,
        null,
        1,
        null,
        null,
        null,
        null,
        null,
        null,
        null
      ],
      "/home/ptoir/BinarApps/Calendar/config/boot.rb": [
        1,
        null,
        1,
        1
      ],
      "/home/ptoir/BinarApps/Calendar/config/environments/test.rb": [
        1,
        null,
        null,
        null,
        null,
        null,
        null,
        1,
        null,
        null,
        null,
        null,
        1,
        null,
        null,
        1,
        1,
        null,
        null,
        null,
        null,
        1,
        1,
        null,
        null,
        1,
        null,
        null,
        1,
        null,
        null,
        1,
        null,
        1,
        null,
        null,
        null,
        null,
        1,
        null,
        null,
        1,
        null,
        null,
        null,
        null
      ],
      "/home/ptoir/BinarApps/Calendar/config/initializers/application_controller_renderer.rb": [
        null,
        null,
        null,
        null,
        null,
        null,
        null,
        null
      ],
      "/home/ptoir/BinarApps/Calendar/config/initializers/assets.rb": [
        null,
        null,
        null,
        1,
        null,
        null,
        null,
        null,
        1,
        null,
        null,
        null,
        null,
        null,
        1,
        1
      ],
      "/home/ptoir/BinarApps/Calendar/config/initializers/backtrace_silencers.rb": [
        null,
        null,
        null,
        null,
        null,
        null,
        null
      ],
      "/home/ptoir/BinarApps/Calendar/config/initializers/client_side_validations.rb": [
        null,
        null,
        null,
        null,
        null,
        null,
        null,
        null,
        null,
        null,
        null,
        null,
        null,
        null,
        1,
        0,
        0,
        null,
        0,
        null,
        null
      ],
      "/home/ptoir/BinarApps/Calendar/config/initializers/content_security_policy.rb": [
        null,
        null,
        null,
        null,
        null,
        null,
        null,
        null,
        null,
        null,
        null,
        null,
        null,
        null,
        null,
        null,
        null,
        null,
        null,
        null,
        null,
        null,
        null,
        null,
        null
      ],
      "/home/ptoir/BinarApps/Calendar/config/initializers/cookies_serializer.rb": [
        null,
        null,
        null,
        null,
        1
      ],
      "/home/ptoir/BinarApps/Calendar/config/initializers/devise.rb": [
        null,
        null,
        null,
        null,
        1,
        null,
        null,
        null,
        null,
        null,
        null,
        1,
        null,
        null,
        null,
        null,
        null,
        null,
        null,
        null,
        1,
        null,
        null,
        null,
        null,
        null,
        null,
        null,
        null,
        null,
        null,
        null,
        1,
        null,
        null,
        null,
        null,
        null,
        null,
        null,
        null,
        null,
        null,
        null,
        null,
        null,
        null,
        null,
        null,
        null,
        null,
        null,
        null,
        null,
        1,
        null,
        null,
        null,
        null,
        1,
        null,
        null,
        null,
        null,
        null,
        null,
        null,
        null,
        null,
        null,
        null,
        null,
        null,
        null,
        null,
        null,
        null,
        null,
        null,
        null,
        null,
        null,
        null,
        null,
        null,
        null,
        null,
        null,
        null,
        null,
        1,
        null,
        null,
        null,
        null,
        null,
        null,
        null,
        null,
        null,
        null,
        null,
        null,
        null,
        null,
        null,
        null,
        null,
        null,
        null,
        null,
        null,
        null,
        1,
        null,
        null,
        null,
        null,
        null,
        null,
        null,
        null,
        null,
        null,
        null,
        null,
        null,
        null,
        null,
        null,
        null,
        null,
        null,
        null,
        null,
        null,
        null,
        null,
        null,
        null,
        null,
        null,
        null,
        null,
        1,
        null,
        null,
        null,
        null,
        null,
        null,
        null,
        null,
        null,
        1,
        null,
        null,
        null,
        null,
        null,
        null,
        null,
        null,
        null,
        null,
        1,
        null,
        null,
        null,
        null,
        1,
        null,
        null,
        null,
        null,
        null,
        null,
        null,
        null,
        null,
        null,
        null,
        null,
        null,
        null,
        null,
        null,
        null,
        null,
        null,
        null,
        null,
        null,
        null,
        null,
        null,
        null,
        null,
        null,
        null,
        null,
        null,
        null,
        null,
        null,
        null,
        null,
        null,
        null,
        null,
        null,
        1,
        null,
        null,
        null,
        null,
        null,
        null,
        null,
        null,
        null,
        null,
        null,
        null,
        null,
        null,
        null,
        null,
        null,
        null,
        null,
        1,
        null,
        null,
        null,
        null,
        null,
        null,
        null,
        null,
        null,
        null,
        null,
        null,
        null,
        null,
        null,
        null,
        null,
        null,
        null,
        null,
        null,
        1,
        null,
        null,
        null,
        null,
        null,
        null,
        null,
        null,
        null,
        null,
        null,
        null,
        null,
        null,
        null,
        null,
        null,
        null,
        null,
        null,
        null,
        null,
        null,
        null,
        null,
        null,
        null,
        null,
        null
      ],
      "/home/ptoir/BinarApps/Calendar/config/initializers/filter_parameter_logging.rb": [
        null,
        null,
        null,
        1
      ],
      "/home/ptoir/BinarApps/Calendar/config/initializers/inflections.rb": [
        null,
        null,
        null,
        null,
        null,
        null,
        null,
        null,
        null,
        null,
        null,
        null,
        null,
        null,
        null,
        null
      ],
      "/home/ptoir/BinarApps/Calendar/config/initializers/mime_types.rb": [
        null,
        null,
        null,
        null
      ],
      "/home/ptoir/BinarApps/Calendar/config/initializers/wrap_parameters.rb": [
        null,
        null,
        null,
        null,
        null,
        null,
        1,
        2,
        null,
        null,
        null,
        null,
        null,
        null
      ],
      "/home/ptoir/BinarApps/Calendar/spec/factories/groups.rb": [
        1,
        1,
        18,
        1,
        null,
        null
      ],
      "/home/ptoir/BinarApps/Calendar/spec/factories/halls.rb": [
        1,
        1,
        49,
        45,
        null,
        null
      ],
      "/home/ptoir/BinarApps/Calendar/spec/factories/reservations.rb": [
        1,
        1,
        23,
        23,
        10,
        10,
        1,
        1,
        null,
        null
      ],
      "/home/ptoir/BinarApps/Calendar/spec/factories/users.rb": [
        1,
        1,
        98,
        98,
        98,
        98,
        null,
        null
      ],
      "/home/ptoir/BinarApps/Calendar/config/routes.rb": [
        1,
        null,
        1,
        null,
        1,
        1,
        1,
        1,
        null,
        1,
        null,
        1,
        1,
        1,
        1,
        null,
        null,
        1,
        1,
        1,
        1,
        1,
        1,
        1,
        1,
        1,
        1,
        1,
        1,
        1,
        1,
        1,
        null,
        null,
        null,
        null
      ],
      "/home/ptoir/BinarApps/Calendar/app/models/user.rb": [
        1,
        null,
        null,
        1,
        1,
        1,
        null,
        1,
        null,
        null,
        1,
        1,
        1,
        1,
        1,
        null,
        1,
        1,
        1,
        null,
        3,
        null,
        null,
        1,
        1,
        null,
        null
      ],
      "/home/ptoir/BinarApps/Calendar/app/uploaders/avatar_uploader.rb": [
        1,
        null,
        null,
        null,
        null,
        null,
        1,
        null,
        null,
        null,
        null,
        1,
        0,
        null,
        null,
        null,
        null,
        null,
        null,
        null,
        null,
        null,
        null,
        null,
        null,
        null,
        null,
        null,
        null,
        null,
        null,
        null,
        null,
        null,
        null,
        null,
        null,
        null,
        null,
        null,
        null,
        null,
        null,
        null,
        null,
        null,
        null
      ],
      "/home/ptoir/BinarApps/Calendar/app/helpers/users_helper.rb": [
        1,
        1,
        0,
        null,
        null,
        1,
        0,
        null,
        null,
        1,
        0,
        null,
        null,
        1,
        0,
        null,
        null
      ],
      "/home/ptoir/BinarApps/Calendar/app/controllers/groups_controller.rb": [
        1,
        1,
        null,
        1,
        2,
        null,
        null,
        1,
        2,
        null,
        null,
        1,
        3,
        3,
        null,
        null,
        1,
        4,
        null,
        null,
        1,
        3,
        null,
        null,
        1,
        5,
        5,
        5,
        5,
        5,
        5,
        null,
        0,
        null,
        null,
        null,
        1,
        5,
        5,
        5,
        3,
        3,
        null,
        2,
        null,
        null,
        null,
        1,
        3,
        3,
        3,
        null,
        0,
        null,
        null,
        null,
        1,
        null,
        1,
        10,
        null,
        null
      ],
      "/home/ptoir/BinarApps/Calendar/app/controllers/application_controller.rb": [
        1,
        1,
        null,
        1,
        null,
        1,
        0,
        0,
        null,
        null,
        0,
        0,
        null,
        null,
        null,
        null,
        null,
        1,
        0,
        0,
        null,
        null,
        null
      ],
      "/home/ptoir/BinarApps/Calendar/spec/controllers/halls_controller_spec.rb": [
        1,
        null,
        1,
        27,
        27,
        null,
        1,
        4,
        null,
        1,
        3,
        2,
        2,
        null,
        null,
        1,
        2,
        2,
        null,
        1,
        1,
        1,
        null,
        null,
        null,
        null,
        1,
        4,
        4,
        null,
        1,
        2,
        2,
        null,
        null,
        1,
        2,
        null,
        null,
        null,
        1,
        5,
        null,
        1,
        2,
        2,
        null,
        null,
        1,
        2,
        2,
        null,
        null,
        null,
        1,
        4,
        4,
        null,
        1,
        2,
        2,
        null,
        null,
        1,
        2,
        null,
        null,
        null,
        1,
        4,
        3,
        null,
        1,
        4,
        null,
        1,
        1,
        null,
        null,
        1,
        1,
        1,
        null,
        null,
        1,
        4,
        null,
        null,
        null,
        1,
        3,
        null,
        1,
        1,
        null,
        null,
        1,
        4,
        null,
        null,
        null,
        null,
        1,
        6,
        4,
        3,
        null,
        1,
        4,
        null,
        1,
        1,
        null,
        null,
        1,
        1,
        1,
        null,
        null,
        1,
        1,
        1,
        null,
        null,
        null,
        1,
        3,
        null,
        1,
        1,
        null,
        null,
        1,
        1,
        1,
        null,
        null,
        null,
        null,
        1,
        4,
        3,
        null,
        1,
        1,
        null,
        null,
        1,
        1,
        1,
        null,
        null,
        1,
        1,
        4,
        null,
        null,
        null
      ],
      "/home/ptoir/BinarApps/Calendar/app/controllers/halls_controller.rb": [
        1,
        1,
        null,
        1,
        4,
        null,
        null,
        1,
        3,
        3,
        3,
        3,
        3,
        null,
        null,
        1,
        5,
        5,
        5,
        null,
        0,
        null,
        null,
        null,
        1,
        3,
        3,
        null,
        null,
        1,
        3,
        null,
        null,
        1,
        5,
        5,
        3,
        null,
        2,
        null,
        null,
        null,
        1,
        3,
        3,
        3,
        null,
        0,
        null,
        null,
        null,
        1,
        null,
        1,
        10,
        null,
        null
      ],
      "/home/ptoir/BinarApps/Calendar/spec/controllers/reservations_controller_spec.rb": [
        1,
        null,
        1,
        null,
        null
      ],
      "/home/ptoir/BinarApps/Calendar/app/controllers/reservations_controller.rb": [
        1,
        1,
        null,
        1,
        0,
        null,
        null,
        1,
        0,
        null,
        null,
        1,
        0,
        0,
        null,
        null,
        1,
        0,
        null,
        null,
        null,
        1,
        0,
        null,
        null,
        1,
        0,
        0,
        0,
        0,
        0,
        0,
        0,
        0,
        0,
        0,
        0,
        null,
        0,
        null,
        null,
        0,
        null,
        null,
        null,
        1,
        0,
        null,
        null,
        0,
        0,
        0,
        0,
        0,
        0,
        null,
        0,
        null,
        null,
        0,
        null,
        null,
        null,
        1,
        0,
        0,
        0,
        0,
        null,
        0,
        null,
        null,
        null,
        1,
        0,
        0,
        null,
        null,
        0,
        0,
        0,
        null,
        0,
        0,
        null,
        0,
        null,
        0,
        null,
        null,
        1,
        0,
        0,
        0,
        0,
        0,
        0,
        0,
        null,
        0,
        0,
        null,
        0,
        null,
        0,
        null,
        null,
        1,
        0,
        0,
        null,
        null,
        null,
        null,
        1,
        0,
        0,
        0,
        0,
        null,
        null,
        1,
        null,
        1,
        0,
        null,
        null,
        null,
        null,
        1,
        0,
        0,
        0,
        0,
        0,
        null,
        0,
        0,
        null,
        null,
        0,
        null,
        null,
        null,
        null
      ],
      "/home/ptoir/BinarApps/Calendar/spec/controllers/users_controller_spec.rb": [
        1,
        null,
        1,
        null,
        10,
        10,
        null,
        10,
        10,
        null,
        1,
        4,
        null,
        1,
        3,
        2,
        2,
        null,
        null,
        1,
        1,
        1,
        1,
        null,
        null,
        null,
        null,
        1,
        4,
        null,
        1,
        2,
        2,
        null,
        null,
        1,
        2,
        null,
        null,
        null,
        1,
        4,
        null,
        1,
        2,
        2,
        null,
        null,
        1,
        2,
        null,
        null,
        null,
        null,
        null
      ],
      "/home/ptoir/BinarApps/Calendar/app/controllers/users_controller.rb": [
        1,
        1,
        null,
        1,
        3,
        null,
        null,
        1,
        3,
        null,
        null,
        1,
        3,
        null,
        null,
        1,
        0,
        0,
        0,
        null,
        0,
        null,
        null,
        null,
        1,
        0,
        0,
        0,
        null,
        0,
        null,
        0,
        null,
        null,
        1,
        null,
        1,
        0,
        null,
        null
      ],
      "/home/ptoir/BinarApps/Calendar/spec/models/group_spec.rb": [
        1,
        null,
        1,
        null,
        1,
        2,
        null,
        null,
        1,
        2,
        2,
        null,
        null,
        1,
        2,
        null,
        null
      ],
      "/home/ptoir/BinarApps/Calendar/app/models/group.rb": [
        1,
        null,
        1,
        1,
        1,
        null
      ],
      "/home/ptoir/BinarApps/Calendar/spec/models/hall_spec.rb": [
        1,
        null,
        1,
        null,
        1,
        2,
        null,
        null,
        1,
        2,
        2,
        2,
        null,
        null,
        1,
        2,
        2,
        2,
        null,
        null,
        1,
        2,
        2,
        2,
        2,
        null,
        1,
        1,
        1,
        1,
        1,
        null,
        null,
        1,
        1,
        1,
        1,
        1,
        null,
        null,
        1,
        1,
        1,
        1,
        1,
        null,
        null,
        1,
        1,
        1,
        1,
        1,
        null,
        null,
        null
      ],
      "/home/ptoir/BinarApps/Calendar/app/models/hall.rb": [
        1,
        null,
        1,
        1,
        null,
        5,
        5,
        5,
        5,
        null,
        1,
        null,
        null
      ],
      "/home/ptoir/BinarApps/Calendar/spec/models/reservation_spec.rb": [
        1,
        null,
        1,
        1,
        2,
        null,
        null,
        1,
        2,
        2,
        2,
        2,
        null,
        null,
        1,
        2,
        2,
        null,
        null,
        1,
        5,
        6,
        6,
        6,
        null,
        1,
        1,
        1,
        1,
        1,
        1,
        1,
        null,
        null,
        1,
        1,
        1,
        1,
        1,
        1,
        null,
        null,
        1,
        1,
        1,
        1,
        null,
        null,
        1,
        1,
        1,
        1,
        1,
        null,
        null,
        1,
        1,
        1,
        1,
        1,
        null,
        null,
        null,
        1,
        2,
        2,
        2,
        1,
        1,
        null,
        null,
        null
      ],
      "/home/ptoir/BinarApps/Calendar/app/models/reservation.rb": [
        1,
        1,
        22,
        0,
        22,
        null,
        null,
        null,
        null,
        1,
        null,
        1,
        1,
        30,
        null,
        15,
        4,
        2,
        2,
        2,
        null,
        1,
        1,
        null,
        1,
        0,
        null,
        null,
        null,
        null,
        null,
        null,
        null,
        null,
        1,
        1,
        null,
        null,
        1,
        1,
        1,
        1,
        2,
        2,
        null,
        null,
        null,
        1,
        null,
        null,
        1,
        null,
        1,
        0,
        0,
        0,
        0,
        0,
        0,
        0,
        0,
        null,
        null,
        0,
        0,
        0,
        0,
        null,
        null,
        null,
        null,
        1,
        0,
        null,
        0,
        null,
        0,
        null,
        0,
        null,
        null,
        null,
        null
      ],
      "/home/ptoir/BinarApps/Calendar/spec/models/user_spec.rb": [
        1,
        null,
        1,
        1,
        2,
        null,
        null,
        1,
        2,
        2,
        2,
        2,
        2,
        null,
        null,
        1,
        2,
        2,
        2,
        2,
        null,
        null,
        1,
        2,
        2,
        null,
        1,
        1,
        1,
        null,
        null,
        null,
        1,
        2,
        1,
        1,
        null,
        null,
        null,
        null
      ],
      "/home/ptoir/BinarApps/Calendar/spec/whenever_spec.rb": [
        1,
        1,
        1,
        4,
        2,
        1,
        2,
        null,
        1,
        1,
        1,
        1,
        null,
        null,
        1,
        1,
        null,
        null,
        null,
        null
      ],
      "/home/ptoir/BinarApps/Calendar/app/models/group_user.rb": [
        1,
        1,
        1,
        null
      ]
    },
    "timestamp": 1532950870
  }
}
